Сборка начата 27.03.2024 17:06:45.
Уровень детализации журнала: Normal.     1>Проект "D:\УНИВЕРСИТЕТ\Семестр 1\Лабораторная работа\ОАиП\laba-3\L3-V9\L3-V9\L3-V9.vcxproj" в узле 2 (целевые объекты Build).
     1>PrepareForBuild:
         Создание каталога "D:\УНИВЕРСИТЕТ\Семестр 1\Лабораторная работа\ОАиП\laba-3\L3-V9\x64\Debug\".
         Создание каталога "x64\Debug\L3-V9.tlog\".
       InitializeBuildStatus:
         Создание "x64\Debug\L3-V9.tlog\unsuccessfulbuild", так как было задано "AlwaysCreate".
         Обращение к "x64\Debug\L3-V9.tlog\unsuccessfulbuild".
       ClCompile:
         C:\Program Files\Microsoft Visual Studio\2022\Community\VC\Tools\MSVC\14.37.32822\bin\HostX64\x64\CL.exe /c /ZI /JMC /nologo /W3 /WX- /diagnostics:column /sdl /Od /D _DEBUG /D _CONSOLE /D _UNICODE /D UNICODE /Gm- /EHsc /RTC1 /MDd /GS /fp:precise /Zc:wchar_t /Zc:forScope /Zc:inline /permissive- /Fo"x64\Debug\\" /Fd"x64\Debug\vc143.pdb" /external:W3 /Gd /TP /FC /errorReport:prompt "L3-V9.cpp"
         L3-V9.cpp
     1>D:\УНИВЕРСИТЕТ\Семестр 1\Лабораторная работа\ОАиП\laba-3\L3-V9\L3-V9\L3-V9.cpp(3,1): warning C4326: возвращаемый тип "main" должен быть "int", а не "void"
       Link:
         C:\Program Files\Microsoft Visual Studio\2022\Community\VC\Tools\MSVC\14.37.32822\bin\HostX64\x64\link.exe /ERRORREPORT:PROMPT /OUT:"D:\УНИВЕРСИТЕТ\Семестр 1\Лабораторная работа\ОАиП\laba-3\L3-V9\x64\Debug\L3-V9.exe" /INCREMENTAL /ILK:"x64\Debug\L3-V9.ilk" /NOLOGO kernel32.lib user32.lib gdi32.lib winspool.lib comdlg32.lib advapi32.lib shell32.lib ole32.lib oleaut32.lib uuid.lib odbc32.lib odbccp32.lib /MANIFEST /MANIFESTUAC:"level='asInvoker' uiAccess='false'" /manifest:embed /DEBUG /PDB:"D:\УНИВЕРСИТЕТ\Семестр 1\Лабораторная работа\ОАиП\laba-3\L3-V9\x64\Debug\L3-V9.pdb" /SUBSYSTEM:CONSOLE /TLBID:1 /DYNAMICBASE /NXCOMPAT /IMPLIB:"D:\УНИВЕРСИТЕТ\Семестр 1\Лабораторная работа\ОАиП\laba-3\L3-V9\x64\Debug\L3-V9.lib" /MACHINE:X64 "x64\Debug\L3-V9.obj"
         L3-V9.vcxproj -> D:\УНИВЕРСИТЕТ\Семестр 1\Лабораторная работа\ОАиП\laba-3\L3-V9\x64\Debug\L3-V9.exe
       FinalizeBuildStatus:
         Файл "x64\Debug\L3-V9.tlog\unsuccessfulbuild" удаляется.
         Обращение к "x64\Debug\L3-V9.tlog\L3-V9.lastbuildstate".
     1>Сборка проекта "D:\УНИВЕРСИТЕТ\Семестр 1\Лабораторная работа\ОАиП\laba-3\L3-V9\L3-V9\L3-V9.vcxproj" завершена (целевые объекты Build).

Сборка успешно завершена.

       "D:\УНИВЕРСИТЕТ\Семестр 1\Лабораторная работа\ОАиП\laba-3\L3-V9\L3-V9\L3-V9.vcxproj" (целевой объект Build ) (1) ->
       (Целевой объект ClCompile) -> 
         D:\УНИВЕРСИТЕТ\Семестр 1\Лабораторная работа\ОАиП\laba-3\L3-V9\L3-V9\L3-V9.cpp(3,1): warning C4326: возвращаемый тип "main" должен быть "int", а не "void"

    Предупреждений: 1
    Ошибок: 0

Прошло времени 00:00:08.97
