Сборка начата 14.10.2023 9:52:52.
Уровень детализации журнала: Normal.     1>Проект "D:\УНИВЕРСИТЕТ\Лабалаторные работы\Лр ОАиП\Лр ОАиП №6\Лр ОАиП №6_1\Лр ОАиП №6_1\Лр ОАиП №6_1.vcxproj" в узле 2 (целевые объекты Build).
     1>InitializeBuildStatus:
         Создание "x64\Debug\Лр ОАиП №6_1.tlog\unsuccessfulbuild", так как было задано "AlwaysCreate".
         Обращение к "x64\Debug\Лр ОАиП №6_1.tlog\unsuccessfulbuild".
       ClCompile:
         C:\Program Files\Microsoft Visual Studio\2022\Community\VC\Tools\MSVC\14.37.32822\bin\HostX64\x64\CL.exe /c /ZI /JMC /nologo /W3 /WX- /diagnostics:column /sdl /Od /D _DEBUG /D _CONSOLE /D _UNICODE /D UNICODE /Gm- /EHsc /RTC1 /MDd /GS /fp:precise /Zc:wchar_t /Zc:forScope /Zc:inline /permissive- /Fo"x64\Debug\\" /Fd"x64\Debug\vc143.pdb" /external:W3 /Gd /TP /FC /errorReport:prompt "Лр ОАиП №6_1.cpp"
         Лр ОАиП №6_1.cpp
     1>D:\УНИВЕРСИТЕТ\Лабалаторные работы\Лр ОАиП\Лр ОАиП №6\Лр ОАиП №6_1\Лр ОАиП №6_1\Лр ОАиП №6_1.cpp(3,1): warning C4326: возвращаемый тип "main" должен быть "int", а не "void"
     1>D:\УНИВЕРСИТЕТ\Лабалаторные работы\Лр ОАиП\Лр ОАиП №6\Лр ОАиП №6_1\Лр ОАиП №6_1\Лр ОАиП №6_1.cpp(5,16): warning C4305: инициализация: усечение из "double" в "float"
     1>D:\УНИВЕРСИТЕТ\Лабалаторные работы\Лр ОАиП\Лр ОАиП №6\Лр ОАиП №6_1\Лр ОАиП №6_1\Лр ОАиП №6_1.cpp(5,25): warning C4305: инициализация: усечение из "double" в "float"
     1>D:\УНИВЕРСИТЕТ\Лабалаторные работы\Лр ОАиП\Лр ОАиП №6\Лр ОАиП №6_1\Лр ОАиП №6_1\Лр ОАиП №6_1.cpp(10,20): warning C4244: =: преобразование "double" в "float", возможна потеря данных
     1>D:\УНИВЕРСИТЕТ\Лабалаторные работы\Лр ОАиП\Лр ОАиП №6\Лр ОАиП №6_1\Лр ОАиП №6_1\Лр ОАиП №6_1.cpp(11,27): warning C4244: =: преобразование "double" в "float", возможна потеря данных
       Link:
         C:\Program Files\Microsoft Visual Studio\2022\Community\VC\Tools\MSVC\14.37.32822\bin\HostX64\x64\link.exe /ERRORREPORT:PROMPT /OUT:"D:\УНИВЕРСИТЕТ\Лабалаторные работы\Лр ОАиП\Лр ОАиП №6\Лр ОАиП №6_1\x64\Debug\Лр ОАиП №6_1.exe" /INCREMENTAL /ILK:"x64\Debug\Лр ОАиП №6_1.ilk" /NOLOGO kernel32.lib user32.lib gdi32.lib winspool.lib comdlg32.lib advapi32.lib shell32.lib ole32.lib oleaut32.lib uuid.lib odbc32.lib odbccp32.lib /MANIFEST /MANIFESTUAC:"level='asInvoker' uiAccess='false'" /manifest:embed /DEBUG /PDB:"D:\УНИВЕРСИТЕТ\Лабалаторные работы\Лр ОАиП\Лр ОАиП №6\Лр ОАиП №6_1\x64\Debug\Лр ОАиП №6_1.pdb" /SUBSYSTEM:CONSOLE /TLBID:1 /DYNAMICBASE /NXCOMPAT /IMPLIB:"D:\УНИВЕРСИТЕТ\Лабалаторные работы\Лр ОАиП\Лр ОАиП №6\Лр ОАиП №6_1\x64\Debug\Лр ОАиП №6_1.lib" /MACHINE:X64 "x64\Debug\Лр ОАиП №6_1.obj"
         Лр ОАиП №6_1.vcxproj -> D:\УНИВЕРСИТЕТ\Лабалаторные работы\Лр ОАиП\Лр ОАиП №6\Лр ОАиП №6_1\x64\Debug\Лр ОАиП №6_1.exe
       FinalizeBuildStatus:
         Файл "x64\Debug\Лр ОАиП №6_1.tlog\unsuccessfulbuild" удаляется.
         Обращение к "x64\Debug\Лр ОАиП №6_1.tlog\Лр ОАиП №6_1.lastbuildstate".
     1>Сборка проекта "D:\УНИВЕРСИТЕТ\Лабалаторные работы\Лр ОАиП\Лр ОАиП №6\Лр ОАиП №6_1\Лр ОАиП №6_1\Лр ОАиП №6_1.vcxproj" завершена (целевые объекты Build).

Сборка успешно завершена.

       "D:\УНИВЕРСИТЕТ\Лабалаторные работы\Лр ОАиП\Лр ОАиП №6\Лр ОАиП №6_1\Лр ОАиП №6_1\Лр ОАиП №6_1.vcxproj" (целевой объект Build ) (1) ->
       (Целевой объект ClCompile) -> 
         D:\УНИВЕРСИТЕТ\Лабалаторные работы\Лр ОАиП\Лр ОАиП №6\Лр ОАиП №6_1\Лр ОАиП №6_1\Лр ОАиП №6_1.cpp(3,1): warning C4326: возвращаемый тип "main" должен быть "int", а не "void"
         D:\УНИВЕРСИТЕТ\Лабалаторные работы\Лр ОАиП\Лр ОАиП №6\Лр ОАиП №6_1\Лр ОАиП №6_1\Лр ОАиП №6_1.cpp(5,16): warning C4305: инициализация: усечение из "double" в "float"
         D:\УНИВЕРСИТЕТ\Лабалаторные работы\Лр ОАиП\Лр ОАиП №6\Лр ОАиП №6_1\Лр ОАиП №6_1\Лр ОАиП №6_1.cpp(5,25): warning C4305: инициализация: усечение из "double" в "float"
         D:\УНИВЕРСИТЕТ\Лабалаторные работы\Лр ОАиП\Лр ОАиП №6\Лр ОАиП №6_1\Лр ОАиП №6_1\Лр ОАиП №6_1.cpp(10,20): warning C4244: =: преобразование "double" в "float", возможна потеря данных
         D:\УНИВЕРСИТЕТ\Лабалаторные работы\Лр ОАиП\Лр ОАиП №6\Лр ОАиП №6_1\Лр ОАиП №6_1\Лр ОАиП №6_1.cpp(11,27): warning C4244: =: преобразование "double" в "float", возможна потеря данных

    Предупреждений: 5
    Ошибок: 0

Прошло времени 00:00:06.20
