Сборка начата 30.10.2023 23:19:17.
Уровень детализации журнала: Normal.     1>Проект "D:\УНИВЕРСИТЕТ\Лабалаторные работы\Лр ОАиП\Лр ОАиП №6\Допф ОАиП №6\Допф ОАиП №6\Допф ОАиП №6.vcxproj" в узле 2 (целевые объекты Build).
     1>InitializeBuildStatus:
         Обращение к "x64\Debug\Допф ОАиП №6.tlog\unsuccessfulbuild".
       ClCompile:
         C:\Program Files\Microsoft Visual Studio\2022\Community\VC\Tools\MSVC\14.37.32822\bin\HostX64\x64\CL.exe /c /ZI /JMC /nologo /W3 /WX- /diagnostics:column /sdl /Od /D _DEBUG /D _CONSOLE /D _UNICODE /D UNICODE /Gm- /EHsc /RTC1 /MDd /GS /fp:precise /Zc:wchar_t /Zc:forScope /Zc:inline /permissive- /Fo"x64\Debug\\" /Fd"x64\Debug\vc143.pdb" /external:W3 /Gd /TP /FC /errorReport:prompt "доп 6.cpp" "доп 2 .cpp"
         доп 6.cpp
     1>D:\УНИВЕРСИТЕТ\Лабалаторные работы\Лр ОАиП\Лр ОАиП №6\Допф ОАиП №6\Допф ОАиП №6\доп 6.cpp(1,4): error C2014: команда препроцессора не должна начинаться с пробела
     1>C:\Program Files\Microsoft Visual Studio\2022\Community\VC\Tools\MSVC\14.37.32822\include\sal.h(2361,1): error C2144: синтаксическая ошибка: перед "int" требуется ";"
     1>C:\Program Files\Microsoft Visual Studio\2022\Community\VC\Tools\MSVC\14.37.32822\include\sal.h(2361,8): error C4430: отсутствует спецификатор типа - предполагается int. Примечание. C++ не поддерживает int по умолчанию
         доп 2 .cpp
     1>D:\УНИВЕРСИТЕТ\Лабалаторные работы\Лр ОАиП\Лр ОАиП №6\Допф ОАиП №6\Допф ОАиП №6\доп 2 .cpp(4,1): warning C4326: возвращаемый тип "main" должен быть "int", а не "void"
         Создание кода...
     1>Сборка проекта "D:\УНИВЕРСИТЕТ\Лабалаторные работы\Лр ОАиП\Лр ОАиП №6\Допф ОАиП №6\Допф ОАиП №6\Допф ОАиП №6.vcxproj" завершена (целевые объекты Build) с ошибкой.

Ошибка сборки.

       "D:\УНИВЕРСИТЕТ\Лабалаторные работы\Лр ОАиП\Лр ОАиП №6\Допф ОАиП №6\Допф ОАиП №6\Допф ОАиП №6.vcxproj" (целевой объект Build ) (1) ->
       (Целевой объект ClCompile) -> 
         D:\УНИВЕРСИТЕТ\Лабалаторные работы\Лр ОАиП\Лр ОАиП №6\Допф ОАиП №6\Допф ОАиП №6\доп 2 .cpp(4,1): warning C4326: возвращаемый тип "main" должен быть "int", а не "void"


       "D:\УНИВЕРСИТЕТ\Лабалаторные работы\Лр ОАиП\Лр ОАиП №6\Допф ОАиП №6\Допф ОАиП №6\Допф ОАиП №6.vcxproj" (целевой объект Build ) (1) ->
       (Целевой объект ClCompile) -> 
         D:\УНИВЕРСИТЕТ\Лабалаторные работы\Лр ОАиП\Лр ОАиП №6\Допф ОАиП №6\Допф ОАиП №6\доп 6.cpp(1,4): error C2014: команда препроцессора не должна начинаться с пробела
         C:\Program Files\Microsoft Visual Studio\2022\Community\VC\Tools\MSVC\14.37.32822\include\sal.h(2361,1): error C2144: синтаксическая ошибка: перед "int" требуется ";"
         C:\Program Files\Microsoft Visual Studio\2022\Community\VC\Tools\MSVC\14.37.32822\include\sal.h(2361,8): error C4430: отсутствует спецификатор типа - предполагается int. Примечание. C++ не поддерживает int по умолчанию

    Предупреждений: 1
    Ошибок: 3

Прошло времени 00:00:05.99
