Сборка начата 04.12.2023 23:09:43.
Уровень детализации журнала: Normal.     1>Проект "D:\УНИВЕРСИТЕТ\Лабалаторные работы\Лр ОАиП\ЛР ОАиП №15\ЛР ОАиП №15\ЛР ОАиП №15.vcxproj" в узле 2 (целевые объекты Build).
     1>InitializeBuildStatus:
         Обращение к "x64\Debug\ЛР ОАиП №15.tlog\unsuccessfulbuild".
       ClCompile:
         C:\Program Files\Microsoft Visual Studio\2022\Community\VC\Tools\MSVC\14.37.32822\bin\HostX64\x64\CL.exe /c /ZI /JMC /nologo /W3 /WX- /diagnostics:column /sdl /Od /D _DEBUG /D _CONSOLE /D _UNICODE /D UNICODE /Gm- /EHsc /RTC1 /MDd /GS /fp:precise /Zc:wchar_t /Zc:forScope /Zc:inline /permissive- /Fo"x64\Debug\\" /Fd"x64\Debug\vc143.pdb" /external:W3 /Gd /TP /FC /errorReport:prompt "ЛР ОАиП №15.cpp"
         ЛР ОАиП №15.cpp
     1>D:\УНИВЕРСИТЕТ\Лабалаторные работы\Лр ОАиП\ЛР ОАиП №15\ЛР ОАиП №15\ЛР ОАиП №15.cpp(35,20): warning C4552: "+": результат выражения не используется
       Link:
         C:\Program Files\Microsoft Visual Studio\2022\Community\VC\Tools\MSVC\14.37.32822\bin\HostX64\x64\link.exe /ERRORREPORT:PROMPT /OUT:"D:\УНИВЕРСИТЕТ\Лабалаторные работы\Лр ОАиП\ЛР ОАиП №15\x64\Debug\ЛР ОАиП №15.exe" /INCREMENTAL /ILK:"x64\Debug\ЛР ОАиП №15.ilk" /NOLOGO kernel32.lib user32.lib gdi32.lib winspool.lib comdlg32.lib advapi32.lib shell32.lib ole32.lib oleaut32.lib uuid.lib odbc32.lib odbccp32.lib /MANIFEST /MANIFESTUAC:"level='asInvoker' uiAccess='false'" /manifest:embed /DEBUG /PDB:"D:\УНИВЕРСИТЕТ\Лабалаторные работы\Лр ОАиП\ЛР ОАиП №15\x64\Debug\ЛР ОАиП №15.pdb" /SUBSYSTEM:CONSOLE /TLBID:1 /DYNAMICBASE /NXCOMPAT /IMPLIB:"D:\УНИВЕРСИТЕТ\Лабалаторные работы\Лр ОАиП\ЛР ОАиП №15\x64\Debug\ЛР ОАиП №15.lib" /MACHINE:X64 "x64\Debug\ЛР ОАиП №15.obj"
         ЛР ОАиП №15.vcxproj -> D:\УНИВЕРСИТЕТ\Лабалаторные работы\Лр ОАиП\ЛР ОАиП №15\x64\Debug\ЛР ОАиП №15.exe
       FinalizeBuildStatus:
         Файл "x64\Debug\ЛР ОАиП №15.tlog\unsuccessfulbuild" удаляется.
         Обращение к "x64\Debug\ЛР ОАиП №15.tlog\ЛР ОАиП №15.lastbuildstate".
     1>Сборка проекта "D:\УНИВЕРСИТЕТ\Лабалаторные работы\Лр ОАиП\ЛР ОАиП №15\ЛР ОАиП №15\ЛР ОАиП №15.vcxproj" завершена (целевые объекты Build).

Сборка успешно завершена.

       "D:\УНИВЕРСИТЕТ\Лабалаторные работы\Лр ОАиП\ЛР ОАиП №15\ЛР ОАиП №15\ЛР ОАиП №15.vcxproj" (целевой объект Build ) (1) ->
       (Целевой объект ClCompile) -> 
         D:\УНИВЕРСИТЕТ\Лабалаторные работы\Лр ОАиП\ЛР ОАиП №15\ЛР ОАиП №15\ЛР ОАиП №15.cpp(35,20): warning C4552: "+": результат выражения не используется

    Предупреждений: 1
    Ошибок: 0

Прошло времени 00:00:05.89
